  Tales of pirate.cpp
C:\Users\Ahmed\source\repos\Tales of pirate\Tales of pirate\Tales of pirate.cpp(43,18): warning C4309: '=': truncation of constant value
C:\Users\Ahmed\source\repos\Tales of pirate\Tales of pirate\Tales of pirate.cpp(57,22): warning C4309: '=': truncation of constant value
C:\Users\Ahmed\source\repos\Tales of pirate\Tales of pirate\Tales of pirate.cpp(73,18): warning C4309: '=': truncation of constant value
C:\Users\Ahmed\source\repos\Tales of pirate\Tales of pirate\Tales of pirate.cpp(86,22): warning C4309: '=': truncation of constant value
C:\Users\Ahmed\source\repos\Tales of pirate\Tales of pirate\Tales of pirate.cpp(99,18): warning C4309: '=': truncation of constant value
C:\Users\Ahmed\source\repos\Tales of pirate\Tales of pirate\Tales of pirate.cpp(107,22): warning C4309: '=': truncation of constant value
C:\Users\Ahmed\source\repos\Tales of pirate\Tales of pirate\Tales of pirate.cpp(118,18): warning C4309: '=': truncation of constant value
C:\Users\Ahmed\source\repos\Tales of pirate\Tales of pirate\Tales of pirate.cpp(132,22): warning C4309: '=': truncation of constant value
C:\Users\Ahmed\source\repos\Tales of pirate\Tales of pirate\Tales of pirate.cpp(142,18): warning C4309: '=': truncation of constant value
C:\Users\Ahmed\source\repos\Tales of pirate\Tales of pirate\Tales of pirate.cpp(150,22): warning C4309: '=': truncation of constant value
C:\Users\Ahmed\source\repos\Tales of pirate\Tales of pirate\Tales of pirate.cpp(151,22): warning C4309: '=': truncation of constant value
C:\Users\Ahmed\source\repos\Tales of pirate\Tales of pirate\Tales of pirate.cpp(760,12): warning C4553: '==': result of expression not used; did you intend '='?
C:\Users\Ahmed\source\repos\Tales of pirate\Tales of pirate\Tales of pirate.cpp(761,16): warning C4553: '==': result of expression not used; did you intend '='?
C:\Users\Ahmed\source\repos\Tales of pirate\Tales of pirate\Tales of pirate.cpp(762,16): warning C4553: '==': result of expression not used; did you intend '='?
C:\Users\Ahmed\source\repos\Tales of pirate\Tales of pirate\Tales of pirate.cpp(763,16): warning C4553: '==': result of expression not used; did you intend '='?
C:\Users\Ahmed\source\repos\Tales of pirate\Tales of pirate\Tales of pirate.cpp(764,16): warning C4553: '==': result of expression not used; did you intend '='?
C:\Users\Ahmed\source\repos\Tales of pirate\Tales of pirate\Tales of pirate.cpp(765,16): warning C4553: '==': result of expression not used; did you intend '='?
C:\Users\Ahmed\source\repos\Tales of pirate\Tales of pirate\Tales of pirate.cpp(766,16): warning C4553: '==': result of expression not used; did you intend '='?
C:\Users\Ahmed\source\repos\Tales of pirate\Tales of pirate\Tales of pirate.cpp(768,20): warning C4553: '==': result of expression not used; did you intend '='?
C:\Users\Ahmed\source\repos\Tales of pirate\Tales of pirate\Tales of pirate.cpp(769,20): warning C4553: '==': result of expression not used; did you intend '='?
C:\Users\Ahmed\source\repos\Tales of pirate\Tales of pirate\Tales of pirate.cpp(771,20): warning C4553: '==': result of expression not used; did you intend '='?
C:\Users\Ahmed\source\repos\Tales of pirate\Tales of pirate\Tales of pirate.cpp(772,20): warning C4553: '==': result of expression not used; did you intend '='?
C:\Users\Ahmed\source\repos\Tales of pirate\Tales of pirate\Tales of pirate.cpp(773,20): warning C4553: '==': result of expression not used; did you intend '='?
C:\Users\Ahmed\source\repos\Tales of pirate\Tales of pirate\Tales of pirate.cpp(775,20): warning C4553: '==': result of expression not used; did you intend '='?
C:\Users\Ahmed\source\repos\Tales of pirate\Tales of pirate\Tales of pirate.cpp(776,20): warning C4553: '==': result of expression not used; did you intend '='?
C:\Users\Ahmed\source\repos\Tales of pirate\Tales of pirate\Tales of pirate.cpp(777,20): warning C4553: '==': result of expression not used; did you intend '='?
C:\Users\Ahmed\source\repos\Tales of pirate\Tales of pirate\Tales of pirate.cpp(1010,21): warning C4309: '=': truncation of constant value
C:\Users\Ahmed\source\repos\Tales of pirate\Tales of pirate\Tales of pirate.cpp(1011,21): warning C4309: '=': truncation of constant value
C:\Users\Ahmed\source\repos\Tales of pirate\Tales of pirate\Tales of pirate.cpp(1012,21): warning C4309: '=': truncation of constant value
C:\Users\Ahmed\source\repos\Tales of pirate\Tales of pirate\Tales of pirate.cpp(1013,21): warning C4309: '=': truncation of constant value
C:\Users\Ahmed\source\repos\Tales of pirate\Tales of pirate\Tales of pirate.cpp(1014,25): warning C4309: '=': truncation of constant value
C:\Users\Ahmed\source\repos\Tales of pirate\Tales of pirate\Tales of pirate.cpp(1015,25): warning C4309: '=': truncation of constant value
C:\Users\Ahmed\source\repos\Tales of pirate\Tales of pirate\Tales of pirate.cpp(1016,25): warning C4309: '=': truncation of constant value
C:\Users\Ahmed\source\repos\Tales of pirate\Tales of pirate\Tales of pirate.cpp(1017,25): warning C4309: '=': truncation of constant value
C:\Users\Ahmed\source\repos\Tales of pirate\Tales of pirate\Tales of pirate.cpp(1018,25): warning C4309: '=': truncation of constant value
C:\Users\Ahmed\source\repos\Tales of pirate\Tales of pirate\Tales of pirate.cpp(1019,25): warning C4309: '=': truncation of constant value
C:\Users\Ahmed\source\repos\Tales of pirate\Tales of pirate\Tales of pirate.cpp(1020,25): warning C4309: '=': truncation of constant value
C:\Users\Ahmed\source\repos\Tales of pirate\Tales of pirate\Tales of pirate.cpp(1021,25): warning C4309: '=': truncation of constant value
C:\Users\Ahmed\source\repos\Tales of pirate\Tales of pirate\Tales of pirate.cpp(1022,25): warning C4309: '=': truncation of constant value
C:\Users\Ahmed\source\repos\Tales of pirate\Tales of pirate\Tales of pirate.cpp(1023,25): warning C4309: '=': truncation of constant value
C:\Users\Ahmed\source\repos\Tales of pirate\Tales of pirate\Tales of pirate.cpp(1024,25): warning C4309: '=': truncation of constant value
C:\Users\Ahmed\source\repos\Tales of pirate\Tales of pirate\Tales of pirate.cpp(1025,25): warning C4309: '=': truncation of constant value
C:\Users\Ahmed\source\repos\Tales of pirate\Tales of pirate\Tales of pirate.cpp(1026,25): warning C4309: '=': truncation of constant value
C:\Users\Ahmed\source\repos\Tales of pirate\Tales of pirate\Tales of pirate.cpp(1027,25): warning C4309: '=': truncation of constant value
C:\Users\Ahmed\source\repos\Tales of pirate\Tales of pirate\Tales of pirate.cpp(1028,25): warning C4309: '=': truncation of constant value
C:\Users\Ahmed\source\repos\Tales of pirate\Tales of pirate\Tales of pirate.cpp(1029,25): warning C4309: '=': truncation of constant value
C:\Users\Ahmed\source\repos\Tales of pirate\Tales of pirate\Tales of pirate.cpp(1649,21): warning C4305: '=': truncation from 'int' to 'char'
C:\Users\Ahmed\source\repos\Tales of pirate\Tales of pirate\Tales of pirate.cpp(1649,21): warning C4309: '=': truncation of constant value
C:\Users\Ahmed\source\repos\Tales of pirate\Tales of pirate\Tales of pirate.cpp(1667,22): warning C4305: '=': truncation from 'int' to 'char'
C:\Users\Ahmed\source\repos\Tales of pirate\Tales of pirate\Tales of pirate.cpp(1667,22): warning C4309: '=': truncation of constant value
C:\Users\Ahmed\source\repos\Tales of pirate\Tales of pirate\Tales of pirate.cpp(1679,22): warning C4305: '=': truncation from 'int' to 'char'
C:\Users\Ahmed\source\repos\Tales of pirate\Tales of pirate\Tales of pirate.cpp(1679,22): warning C4309: '=': truncation of constant value
C:\Users\Ahmed\source\repos\Tales of pirate\Tales of pirate\Tales of pirate.cpp(1744,21): warning C4305: '=': truncation from 'int' to 'char'
C:\Users\Ahmed\source\repos\Tales of pirate\Tales of pirate\Tales of pirate.cpp(1744,21): warning C4309: '=': truncation of constant value
C:\Users\Ahmed\source\repos\Tales of pirate\Tales of pirate\Tales of pirate.cpp(1771,22): warning C4305: '=': truncation from 'int' to 'char'
C:\Users\Ahmed\source\repos\Tales of pirate\Tales of pirate\Tales of pirate.cpp(1771,22): warning C4309: '=': truncation of constant value
C:\Users\Ahmed\source\repos\Tales of pirate\Tales of pirate\Tales of pirate.cpp(1786,21): warning C4305: '=': truncation from 'int' to 'char'
C:\Users\Ahmed\source\repos\Tales of pirate\Tales of pirate\Tales of pirate.cpp(1786,21): warning C4309: '=': truncation of constant value
C:\Users\Ahmed\source\repos\Tales of pirate\Tales of pirate\Tales of pirate.cpp(1789,21): warning C4305: '=': truncation from 'int' to 'char'
C:\Users\Ahmed\source\repos\Tales of pirate\Tales of pirate\Tales of pirate.cpp(1789,21): warning C4309: '=': truncation of constant value
C:\Users\Ahmed\source\repos\Tales of pirate\Tales of pirate\Tales of pirate.cpp(1801,22): warning C4305: '=': truncation from 'int' to 'char'
C:\Users\Ahmed\source\repos\Tales of pirate\Tales of pirate\Tales of pirate.cpp(1801,22): warning C4309: '=': truncation of constant value
C:\Users\Ahmed\source\repos\Tales of pirate\Tales of pirate\Tales of pirate.cpp(1816,22): warning C4305: '=': truncation from 'int' to 'char'
C:\Users\Ahmed\source\repos\Tales of pirate\Tales of pirate\Tales of pirate.cpp(1816,22): warning C4309: '=': truncation of constant value
C:\Users\Ahmed\source\repos\Tales of pirate\Tales of pirate\Tales of pirate.cpp(1817,22): warning C4305: '=': truncation from 'int' to 'char'
C:\Users\Ahmed\source\repos\Tales of pirate\Tales of pirate\Tales of pirate.cpp(1817,22): warning C4309: '=': truncation of constant value
C:\Users\Ahmed\source\repos\Tales of pirate\Tales of pirate\Tales of pirate.cpp(1826,23): warning C4305: '=': truncation from 'int' to 'char'
C:\Users\Ahmed\source\repos\Tales of pirate\Tales of pirate\Tales of pirate.cpp(1826,23): warning C4309: '=': truncation of constant value
C:\Users\Ahmed\source\repos\Tales of pirate\Tales of pirate\Tales of pirate.cpp(1831,22): warning C4305: '=': truncation from 'int' to 'char'
C:\Users\Ahmed\source\repos\Tales of pirate\Tales of pirate\Tales of pirate.cpp(1831,22): warning C4309: '=': truncation of constant value
C:\Users\Ahmed\source\repos\Tales of pirate\Tales of pirate\Tales of pirate.cpp(1845,22): warning C4305: '=': truncation from 'int' to 'char'
C:\Users\Ahmed\source\repos\Tales of pirate\Tales of pirate\Tales of pirate.cpp(1845,22): warning C4309: '=': truncation of constant value
C:\Users\Ahmed\source\repos\Tales of pirate\Tales of pirate\Tales of pirate.cpp(1846,22): warning C4305: '=': truncation from 'int' to 'char'
C:\Users\Ahmed\source\repos\Tales of pirate\Tales of pirate\Tales of pirate.cpp(1846,22): warning C4309: '=': truncation of constant value
C:\Users\Ahmed\source\repos\Tales of pirate\Tales of pirate\Tales of pirate.cpp(1847,22): warning C4305: '=': truncation from 'int' to 'char'
C:\Users\Ahmed\source\repos\Tales of pirate\Tales of pirate\Tales of pirate.cpp(1847,22): warning C4309: '=': truncation of constant value
C:\Users\Ahmed\source\repos\Tales of pirate\Tales of pirate\Tales of pirate.cpp(1863,18): warning C4305: '=': truncation from 'int' to 'char'
C:\Users\Ahmed\source\repos\Tales of pirate\Tales of pirate\Tales of pirate.cpp(1863,18): warning C4309: '=': truncation of constant value
C:\Users\Ahmed\source\repos\Tales of pirate\Tales of pirate\Tales of pirate.cpp(1884,22): warning C4305: '=': truncation from 'int' to 'char'
C:\Users\Ahmed\source\repos\Tales of pirate\Tales of pirate\Tales of pirate.cpp(1884,22): warning C4309: '=': truncation of constant value
C:\Users\Ahmed\source\repos\Tales of pirate\Tales of pirate\Tales of pirate.cpp(1885,18): warning C4305: '=': truncation from 'int' to 'char'
C:\Users\Ahmed\source\repos\Tales of pirate\Tales of pirate\Tales of pirate.cpp(1885,18): warning C4309: '=': truncation of constant value
C:\Users\Ahmed\source\repos\Tales of pirate\Tales of pirate\Tales of pirate.cpp(1939,23): warning C4305: '=': truncation from 'int' to 'char'
C:\Users\Ahmed\source\repos\Tales of pirate\Tales of pirate\Tales of pirate.cpp(1939,23): warning C4309: '=': truncation of constant value
C:\Users\Ahmed\source\repos\Tales of pirate\Tales of pirate\Tales of pirate.cpp(1958,23): warning C4305: '=': truncation from 'int' to 'char'
C:\Users\Ahmed\source\repos\Tales of pirate\Tales of pirate\Tales of pirate.cpp(1958,23): warning C4309: '=': truncation of constant value
C:\Users\Ahmed\source\repos\Tales of pirate\Tales of pirate\Tales of pirate.cpp(1961,23): warning C4305: '=': truncation from 'int' to 'char'
C:\Users\Ahmed\source\repos\Tales of pirate\Tales of pirate\Tales of pirate.cpp(1961,23): warning C4309: '=': truncation of constant value
C:\Users\Ahmed\source\repos\Tales of pirate\Tales of pirate\Tales of pirate.cpp(1963,23): warning C4305: '=': truncation from 'int' to 'char'
C:\Users\Ahmed\source\repos\Tales of pirate\Tales of pirate\Tales of pirate.cpp(1963,23): warning C4309: '=': truncation of constant value
C:\Users\Ahmed\source\repos\Tales of pirate\Tales of pirate\Tales of pirate.cpp(1973,23): warning C4305: '=': truncation from 'int' to 'char'
C:\Users\Ahmed\source\repos\Tales of pirate\Tales of pirate\Tales of pirate.cpp(1973,23): warning C4309: '=': truncation of constant value
C:\Users\Ahmed\source\repos\Tales of pirate\Tales of pirate\Tales of pirate.cpp(1983,23): warning C4305: '=': truncation from 'int' to 'char'
C:\Users\Ahmed\source\repos\Tales of pirate\Tales of pirate\Tales of pirate.cpp(1983,23): warning C4309: '=': truncation of constant value
C:\Users\Ahmed\source\repos\Tales of pirate\Tales of pirate\Tales of pirate.cpp(1985,23): warning C4305: '=': truncation from 'int' to 'char'
C:\Users\Ahmed\source\repos\Tales of pirate\Tales of pirate\Tales of pirate.cpp(1985,23): warning C4309: '=': truncation of constant value
C:\Users\Ahmed\source\repos\Tales of pirate\Tales of pirate\Tales of pirate.cpp(1991,23): warning C4305: '=': truncation from 'int' to 'char'
C:\Users\Ahmed\source\repos\Tales of pirate\Tales of pirate\Tales of pirate.cpp(1991,23): warning C4309: '=': truncation of constant value
C:\Users\Ahmed\source\repos\Tales of pirate\Tales of pirate\Tales of pirate.cpp(1992,23): warning C4305: '=': truncation from 'int' to 'char'
C:\Users\Ahmed\source\repos\Tales of pirate\Tales of pirate\Tales of pirate.cpp(1992,23): warning C4309: '=': truncation of constant value
C:\Users\Ahmed\source\repos\Tales of pirate\Tales of pirate\Tales of pirate.cpp(1994,23): warning C4305: '=': truncation from 'int' to 'char'
C:\Users\Ahmed\source\repos\Tales of pirate\Tales of pirate\Tales of pirate.cpp(1994,23): warning C4309: '=': truncation of constant value
C:\Users\Ahmed\source\repos\Tales of pirate\Tales of pirate\Tales of pirate.cpp(2010,23): warning C4305: '=': truncation from 'int' to 'char'
C:\Users\Ahmed\source\repos\Tales of pirate\Tales of pirate\Tales of pirate.cpp(2010,23): warning C4309: '=': truncation of constant value
C:\Users\Ahmed\source\repos\Tales of pirate\Tales of pirate\Tales of pirate.cpp(2020,23): warning C4305: '=': truncation from 'int' to 'char'
C:\Users\Ahmed\source\repos\Tales of pirate\Tales of pirate\Tales of pirate.cpp(2020,23): warning C4309: '=': truncation of constant value
C:\Users\Ahmed\source\repos\Tales of pirate\Tales of pirate\Tales of pirate.cpp(2026,23): warning C4305: '=': truncation from 'int' to 'char'
C:\Users\Ahmed\source\repos\Tales of pirate\Tales of pirate\Tales of pirate.cpp(2026,23): warning C4309: '=': truncation of constant value
C:\Users\Ahmed\source\repos\Tales of pirate\Tales of pirate\Tales of pirate.cpp(2093,22): warning C4305: '=': truncation from 'int' to 'char'
C:\Users\Ahmed\source\repos\Tales of pirate\Tales of pirate\Tales of pirate.cpp(2093,22): warning C4309: '=': truncation of constant value
C:\Users\Ahmed\source\repos\Tales of pirate\Tales of pirate\Tales of pirate.cpp(2094,22): warning C4305: '=': truncation from 'int' to 'char'
C:\Users\Ahmed\source\repos\Tales of pirate\Tales of pirate\Tales of pirate.cpp(2094,22): warning C4309: '=': truncation of constant value
C:\Users\Ahmed\source\repos\Tales of pirate\Tales of pirate\Tales of pirate.cpp(2145,21): warning C4305: '=': truncation from 'int' to 'char'
C:\Users\Ahmed\source\repos\Tales of pirate\Tales of pirate\Tales of pirate.cpp(2145,21): warning C4309: '=': truncation of constant value
C:\Users\Ahmed\source\repos\Tales of pirate\Tales of pirate\Tales of pirate.cpp(2162,21): warning C4305: '=': truncation from 'int' to 'char'
C:\Users\Ahmed\source\repos\Tales of pirate\Tales of pirate\Tales of pirate.cpp(2162,21): warning C4309: '=': truncation of constant value
C:\Users\Ahmed\source\repos\Tales of pirate\Tales of pirate\Tales of pirate.cpp(2167,22): warning C4305: '=': truncation from 'int' to 'char'
C:\Users\Ahmed\source\repos\Tales of pirate\Tales of pirate\Tales of pirate.cpp(2167,22): warning C4309: '=': truncation of constant value
C:\Users\Ahmed\source\repos\Tales of pirate\Tales of pirate\Tales of pirate.cpp(2168,22): warning C4305: '=': truncation from 'int' to 'char'
C:\Users\Ahmed\source\repos\Tales of pirate\Tales of pirate\Tales of pirate.cpp(2168,22): warning C4309: '=': truncation of constant value
C:\Users\Ahmed\source\repos\Tales of pirate\Tales of pirate\Tales of pirate.cpp(2170,22): warning C4305: '=': truncation from 'int' to 'char'
C:\Users\Ahmed\source\repos\Tales of pirate\Tales of pirate\Tales of pirate.cpp(2170,22): warning C4309: '=': truncation of constant value
C:\Users\Ahmed\source\repos\Tales of pirate\Tales of pirate\Tales of pirate.cpp(2175,21): warning C4305: '=': truncation from 'int' to 'char'
C:\Users\Ahmed\source\repos\Tales of pirate\Tales of pirate\Tales of pirate.cpp(2175,21): warning C4309: '=': truncation of constant value
C:\Users\Ahmed\source\repos\Tales of pirate\Tales of pirate\Tales of pirate.cpp(2179,22): warning C4305: '=': truncation from 'int' to 'char'
C:\Users\Ahmed\source\repos\Tales of pirate\Tales of pirate\Tales of pirate.cpp(2179,22): warning C4309: '=': truncation of constant value
C:\Users\Ahmed\source\repos\Tales of pirate\Tales of pirate\Tales of pirate.cpp(2181,22): warning C4305: '=': truncation from 'int' to 'char'
C:\Users\Ahmed\source\repos\Tales of pirate\Tales of pirate\Tales of pirate.cpp(2181,22): warning C4309: '=': truncation of constant value
C:\Users\Ahmed\source\repos\Tales of pirate\Tales of pirate\Tales of pirate.cpp(2183,22): warning C4305: '=': truncation from 'int' to 'char'
C:\Users\Ahmed\source\repos\Tales of pirate\Tales of pirate\Tales of pirate.cpp(2183,22): warning C4309: '=': truncation of constant value
C:\Users\Ahmed\source\repos\Tales of pirate\Tales of pirate\Tales of pirate.cpp(2187,22): warning C4305: '=': truncation from 'int' to 'char'
C:\Users\Ahmed\source\repos\Tales of pirate\Tales of pirate\Tales of pirate.cpp(2187,22): warning C4309: '=': truncation of constant value
C:\Users\Ahmed\source\repos\Tales of pirate\Tales of pirate\Tales of pirate.cpp(2192,21): warning C4305: '=': truncation from 'int' to 'char'
C:\Users\Ahmed\source\repos\Tales of pirate\Tales of pirate\Tales of pirate.cpp(2192,21): warning C4309: '=': truncation of constant value
C:\Users\Ahmed\source\repos\Tales of pirate\Tales of pirate\Tales of pirate.cpp(2200,22): warning C4305: '=': truncation from 'int' to 'char'
C:\Users\Ahmed\source\repos\Tales of pirate\Tales of pirate\Tales of pirate.cpp(2200,22): warning C4309: '=': truncation of constant value
C:\Users\Ahmed\source\repos\Tales of pirate\Tales of pirate\Tales of pirate.cpp(2208,22): warning C4305: '=': truncation from 'int' to 'char'
C:\Users\Ahmed\source\repos\Tales of pirate\Tales of pirate\Tales of pirate.cpp(2208,22): warning C4309: '=': truncation of constant value
C:\Users\Ahmed\source\repos\Tales of pirate\Tales of pirate\Tales of pirate.cpp(2212,22): warning C4305: '=': truncation from 'int' to 'char'
C:\Users\Ahmed\source\repos\Tales of pirate\Tales of pirate\Tales of pirate.cpp(2212,22): warning C4309: '=': truncation of constant value
C:\Users\Ahmed\source\repos\Tales of pirate\Tales of pirate\Tales of pirate.cpp(2233,22): warning C4305: '=': truncation from 'int' to 'char'
C:\Users\Ahmed\source\repos\Tales of pirate\Tales of pirate\Tales of pirate.cpp(2233,22): warning C4309: '=': truncation of constant value
C:\Users\Ahmed\source\repos\Tales of pirate\Tales of pirate\Tales of pirate.cpp(2237,22): warning C4305: '=': truncation from 'int' to 'char'
C:\Users\Ahmed\source\repos\Tales of pirate\Tales of pirate\Tales of pirate.cpp(2237,22): warning C4309: '=': truncation of constant value
C:\Users\Ahmed\source\repos\Tales of pirate\Tales of pirate\Tales of pirate.cpp(2249,22): warning C4305: '=': truncation from 'int' to 'char'
C:\Users\Ahmed\source\repos\Tales of pirate\Tales of pirate\Tales of pirate.cpp(2249,22): warning C4309: '=': truncation of constant value
C:\Users\Ahmed\source\repos\Tales of pirate\Tales of pirate\Tales of pirate.cpp(2270,22): warning C4305: '=': truncation from 'int' to 'char'
C:\Users\Ahmed\source\repos\Tales of pirate\Tales of pirate\Tales of pirate.cpp(2270,22): warning C4309: '=': truncation of constant value
C:\Users\Ahmed\source\repos\Tales of pirate\Tales of pirate\Tales of pirate.cpp(2276,23): warning C4305: '=': truncation from 'int' to 'char'
C:\Users\Ahmed\source\repos\Tales of pirate\Tales of pirate\Tales of pirate.cpp(2276,23): warning C4309: '=': truncation of constant value
C:\Users\Ahmed\source\repos\Tales of pirate\Tales of pirate\Tales of pirate.cpp(2291,22): warning C4305: '=': truncation from 'int' to 'char'
C:\Users\Ahmed\source\repos\Tales of pirate\Tales of pirate\Tales of pirate.cpp(2291,22): warning C4309: '=': truncation of constant value
C:\Users\Ahmed\source\repos\Tales of pirate\Tales of pirate\Tales of pirate.cpp(2293,23): warning C4305: '=': truncation from 'int' to 'char'
C:\Users\Ahmed\source\repos\Tales of pirate\Tales of pirate\Tales of pirate.cpp(2293,23): warning C4309: '=': truncation of constant value
C:\Users\Ahmed\source\repos\Tales of pirate\Tales of pirate\Tales of pirate.cpp(2307,22): warning C4305: '=': truncation from 'int' to 'char'
C:\Users\Ahmed\source\repos\Tales of pirate\Tales of pirate\Tales of pirate.cpp(2307,22): warning C4309: '=': truncation of constant value
C:\Users\Ahmed\source\repos\Tales of pirate\Tales of pirate\Tales of pirate.cpp(2311,22): warning C4305: '=': truncation from 'int' to 'char'
C:\Users\Ahmed\source\repos\Tales of pirate\Tales of pirate\Tales of pirate.cpp(2311,22): warning C4309: '=': truncation of constant value
C:\Users\Ahmed\source\repos\Tales of pirate\Tales of pirate\Tales of pirate.cpp(2353,22): warning C4305: '=': truncation from 'int' to 'char'
C:\Users\Ahmed\source\repos\Tales of pirate\Tales of pirate\Tales of pirate.cpp(2353,22): warning C4309: '=': truncation of constant value
C:\Users\Ahmed\source\repos\Tales of pirate\Tales of pirate\Tales of pirate.cpp(2354,22): warning C4305: '=': truncation from 'int' to 'char'
C:\Users\Ahmed\source\repos\Tales of pirate\Tales of pirate\Tales of pirate.cpp(2354,22): warning C4309: '=': truncation of constant value
C:\Users\Ahmed\source\repos\Tales of pirate\Tales of pirate\Tales of pirate.cpp(2358,22): warning C4305: '=': truncation from 'int' to 'char'
C:\Users\Ahmed\source\repos\Tales of pirate\Tales of pirate\Tales of pirate.cpp(2358,22): warning C4309: '=': truncation of constant value
C:\Users\Ahmed\source\repos\Tales of pirate\Tales of pirate\Tales of pirate.cpp(2359,23): warning C4305: '=': truncation from 'int' to 'char'
C:\Users\Ahmed\source\repos\Tales of pirate\Tales of pirate\Tales of pirate.cpp(2359,23): warning C4309: '=': truncation of constant value
C:\Users\Ahmed\source\repos\Tales of pirate\Tales of pirate\Tales of pirate.cpp(2360,23): warning C4305: '=': truncation from 'int' to 'char'
C:\Users\Ahmed\source\repos\Tales of pirate\Tales of pirate\Tales of pirate.cpp(2360,23): warning C4309: '=': truncation of constant value
C:\Users\Ahmed\source\repos\Tales of pirate\Tales of pirate\Tales of pirate.cpp(2370,23): warning C4305: '=': truncation from 'int' to 'char'
C:\Users\Ahmed\source\repos\Tales of pirate\Tales of pirate\Tales of pirate.cpp(2370,23): warning C4309: '=': truncation of constant value
C:\Users\Ahmed\source\repos\Tales of pirate\Tales of pirate\Tales of pirate.cpp(2377,22): warning C4305: '=': truncation from 'int' to 'char'
C:\Users\Ahmed\source\repos\Tales of pirate\Tales of pirate\Tales of pirate.cpp(2377,22): warning C4309: '=': truncation of constant value
C:\Users\Ahmed\source\repos\Tales of pirate\Tales of pirate\Tales of pirate.cpp(2378,22): warning C4305: '=': truncation from 'int' to 'char'
C:\Users\Ahmed\source\repos\Tales of pirate\Tales of pirate\Tales of pirate.cpp(2378,22): warning C4309: '=': truncation of constant value
C:\Users\Ahmed\source\repos\Tales of pirate\Tales of pirate\Tales of pirate.cpp(2379,23): warning C4305: '=': truncation from 'int' to 'char'
C:\Users\Ahmed\source\repos\Tales of pirate\Tales of pirate\Tales of pirate.cpp(2379,23): warning C4309: '=': truncation of constant value
C:\Users\Ahmed\source\repos\Tales of pirate\Tales of pirate\Tales of pirate.cpp(2392,23): warning C4305: '=': truncation from 'int' to 'char'
C:\Users\Ahmed\source\repos\Tales of pirate\Tales of pirate\Tales of pirate.cpp(2392,23): warning C4309: '=': truncation of constant value
C:\Users\Ahmed\source\repos\Tales of pirate\Tales of pirate\Tales of pirate.cpp(2400,23): warning C4305: '=': truncation from 'int' to 'char'
C:\Users\Ahmed\source\repos\Tales of pirate\Tales of pirate\Tales of pirate.cpp(2400,23): warning C4309: '=': truncation of constant value
C:\Users\Ahmed\source\repos\Tales of pirate\Tales of pirate\Tales of pirate.cpp(2417,23): warning C4305: '=': truncation from 'int' to 'char'
C:\Users\Ahmed\source\repos\Tales of pirate\Tales of pirate\Tales of pirate.cpp(2417,23): warning C4309: '=': truncation of constant value
C:\Users\Ahmed\source\repos\Tales of pirate\Tales of pirate\Tales of pirate.cpp(2426,23): warning C4305: '=': truncation from 'int' to 'char'
C:\Users\Ahmed\source\repos\Tales of pirate\Tales of pirate\Tales of pirate.cpp(2426,23): warning C4309: '=': truncation of constant value
C:\Users\Ahmed\source\repos\Tales of pirate\Tales of pirate\Tales of pirate.cpp(2443,23): warning C4305: '=': truncation from 'int' to 'char'
C:\Users\Ahmed\source\repos\Tales of pirate\Tales of pirate\Tales of pirate.cpp(2443,23): warning C4309: '=': truncation of constant value
C:\Users\Ahmed\source\repos\Tales of pirate\Tales of pirate\Tales of pirate.cpp(2463,23): warning C4305: '=': truncation from 'int' to 'char'
C:\Users\Ahmed\source\repos\Tales of pirate\Tales of pirate\Tales of pirate.cpp(2463,23): warning C4309: '=': truncation of constant value
C:\Users\Ahmed\source\repos\Tales of pirate\Tales of pirate\Tales of pirate.cpp(2485,23): warning C4305: '=': truncation from 'int' to 'char'
C:\Users\Ahmed\source\repos\Tales of pirate\Tales of pirate\Tales of pirate.cpp(2485,23): warning C4309: '=': truncation of constant value
C:\Users\Ahmed\source\repos\Tales of pirate\Tales of pirate\Tales of pirate.cpp(2487,23): warning C4305: '=': truncation from 'int' to 'char'
C:\Users\Ahmed\source\repos\Tales of pirate\Tales of pirate\Tales of pirate.cpp(2487,23): warning C4309: '=': truncation of constant value
C:\Users\Ahmed\source\repos\Tales of pirate\Tales of pirate\Tales of pirate.cpp(2507,23): warning C4305: '=': truncation from 'int' to 'char'
C:\Users\Ahmed\source\repos\Tales of pirate\Tales of pirate\Tales of pirate.cpp(2507,23): warning C4309: '=': truncation of constant value
C:\Users\Ahmed\source\repos\Tales of pirate\Tales of pirate\Tales of pirate.cpp(2509,23): warning C4305: '=': truncation from 'int' to 'char'
C:\Users\Ahmed\source\repos\Tales of pirate\Tales of pirate\Tales of pirate.cpp(2509,23): warning C4309: '=': truncation of constant value
C:\Users\Ahmed\source\repos\Tales of pirate\Tales of pirate\Tales of pirate.cpp(2510,23): warning C4305: '=': truncation from 'int' to 'char'
C:\Users\Ahmed\source\repos\Tales of pirate\Tales of pirate\Tales of pirate.cpp(2510,23): warning C4309: '=': truncation of constant value
C:\Users\Ahmed\source\repos\Tales of pirate\Tales of pirate\Tales of pirate.cpp(2540,23): warning C4305: '=': truncation from 'int' to 'char'
C:\Users\Ahmed\source\repos\Tales of pirate\Tales of pirate\Tales of pirate.cpp(2540,23): warning C4309: '=': truncation of constant value
C:\Users\Ahmed\source\repos\Tales of pirate\Tales of pirate\Tales of pirate.cpp(2542,23): warning C4305: '=': truncation from 'int' to 'char'
C:\Users\Ahmed\source\repos\Tales of pirate\Tales of pirate\Tales of pirate.cpp(2542,23): warning C4309: '=': truncation of constant value
C:\Users\Ahmed\source\repos\Tales of pirate\Tales of pirate\Tales of pirate.cpp(2543,23): warning C4305: '=': truncation from 'int' to 'char'
C:\Users\Ahmed\source\repos\Tales of pirate\Tales of pirate\Tales of pirate.cpp(2543,23): warning C4309: '=': truncation of constant value
C:\Users\Ahmed\source\repos\Tales of pirate\Tales of pirate\Tales of pirate.cpp(2556,23): warning C4305: '=': truncation from 'int' to 'char'
C:\Users\Ahmed\source\repos\Tales of pirate\Tales of pirate\Tales of pirate.cpp(2556,23): warning C4309: '=': truncation of constant value
C:\Users\Ahmed\source\repos\Tales of pirate\Tales of pirate\Tales of pirate.cpp(2565,23): warning C4305: '=': truncation from 'int' to 'char'
C:\Users\Ahmed\source\repos\Tales of pirate\Tales of pirate\Tales of pirate.cpp(2565,23): warning C4309: '=': truncation of constant value
C:\Users\Ahmed\source\repos\Tales of pirate\Tales of pirate\Tales of pirate.cpp(2573,23): warning C4305: '=': truncation from 'int' to 'char'
C:\Users\Ahmed\source\repos\Tales of pirate\Tales of pirate\Tales of pirate.cpp(2573,23): warning C4309: '=': truncation of constant value
C:\Users\Ahmed\source\repos\Tales of pirate\Tales of pirate\Tales of pirate.cpp(2575,23): warning C4305: '=': truncation from 'int' to 'char'
C:\Users\Ahmed\source\repos\Tales of pirate\Tales of pirate\Tales of pirate.cpp(2575,23): warning C4309: '=': truncation of constant value
C:\Users\Ahmed\source\repos\Tales of pirate\Tales of pirate\Tales of pirate.cpp(2576,23): warning C4305: '=': truncation from 'int' to 'char'
C:\Users\Ahmed\source\repos\Tales of pirate\Tales of pirate\Tales of pirate.cpp(2576,23): warning C4309: '=': truncation of constant value
C:\Users\Ahmed\source\repos\Tales of pirate\Tales of pirate\Tales of pirate.cpp(3054,31): warning C4305: '=': truncation from 'int' to 'char'
C:\Users\Ahmed\source\repos\Tales of pirate\Tales of pirate\Tales of pirate.cpp(3054,31): warning C4309: '=': truncation of constant value
C:\Users\Ahmed\source\repos\Tales of pirate\Tales of pirate\Tales of pirate.cpp(3055,31): warning C4305: '=': truncation from 'int' to 'char'
C:\Users\Ahmed\source\repos\Tales of pirate\Tales of pirate\Tales of pirate.cpp(3055,31): warning C4309: '=': truncation of constant value
C:\Users\Ahmed\source\repos\Tales of pirate\Tales of pirate\Tales of pirate.cpp(3067,34): warning C4309: '=': truncation of constant value
C:\Users\Ahmed\source\repos\Tales of pirate\Tales of pirate\Tales of pirate.cpp(3068,35): warning C4305: '=': truncation from 'int' to 'char'
C:\Users\Ahmed\source\repos\Tales of pirate\Tales of pirate\Tales of pirate.cpp(3068,35): warning C4309: '=': truncation of constant value
C:\Users\Ahmed\source\repos\Tales of pirate\Tales of pirate\Tales of pirate.cpp(3069,35): warning C4305: '=': truncation from 'int' to 'char'
C:\Users\Ahmed\source\repos\Tales of pirate\Tales of pirate\Tales of pirate.cpp(3069,35): warning C4309: '=': truncation of constant value
C:\Users\Ahmed\source\repos\Tales of pirate\Tales of pirate\Tales of pirate.cpp(3070,35): warning C4305: '=': truncation from 'int' to 'char'
C:\Users\Ahmed\source\repos\Tales of pirate\Tales of pirate\Tales of pirate.cpp(3070,35): warning C4309: '=': truncation of constant value
C:\Users\Ahmed\source\repos\Tales of pirate\Tales of pirate\Tales of pirate.cpp(3086,34): warning C4305: '=': truncation from 'int' to 'char'
C:\Users\Ahmed\source\repos\Tales of pirate\Tales of pirate\Tales of pirate.cpp(3086,34): warning C4309: '=': truncation of constant value
C:\Users\Ahmed\source\repos\Tales of pirate\Tales of pirate\Tales of pirate.cpp(3087,34): warning C4305: '=': truncation from 'int' to 'char'
C:\Users\Ahmed\source\repos\Tales of pirate\Tales of pirate\Tales of pirate.cpp(3087,34): warning C4309: '=': truncation of constant value
C:\Users\Ahmed\source\repos\Tales of pirate\Tales of pirate\Tales of pirate.cpp(3088,35): warning C4305: '=': truncation from 'int' to 'char'
C:\Users\Ahmed\source\repos\Tales of pirate\Tales of pirate\Tales of pirate.cpp(3088,35): warning C4309: '=': truncation of constant value
C:\Users\Ahmed\source\repos\Tales of pirate\Tales of pirate\Tales of pirate.cpp(3100,34): warning C4305: '=': truncation from 'int' to 'char'
C:\Users\Ahmed\source\repos\Tales of pirate\Tales of pirate\Tales of pirate.cpp(3100,34): warning C4309: '=': truncation of constant value
C:\Users\Ahmed\source\repos\Tales of pirate\Tales of pirate\Tales of pirate.cpp(3101,34): warning C4305: '=': truncation from 'int' to 'char'
C:\Users\Ahmed\source\repos\Tales of pirate\Tales of pirate\Tales of pirate.cpp(3101,34): warning C4309: '=': truncation of constant value
C:\Users\Ahmed\source\repos\Tales of pirate\Tales of pirate\Tales of pirate.cpp(3102,34): warning C4305: '=': truncation from 'int' to 'char'
C:\Users\Ahmed\source\repos\Tales of pirate\Tales of pirate\Tales of pirate.cpp(3102,34): warning C4309: '=': truncation of constant value
C:\Users\Ahmed\source\repos\Tales of pirate\Tales of pirate\Tales of pirate.cpp(3117,34): warning C4305: '=': truncation from 'int' to 'char'
C:\Users\Ahmed\source\repos\Tales of pirate\Tales of pirate\Tales of pirate.cpp(3117,34): warning C4309: '=': truncation of constant value
C:\Users\Ahmed\source\repos\Tales of pirate\Tales of pirate\Tales of pirate.cpp(3119,34): warning C4305: '=': truncation from 'int' to 'char'
C:\Users\Ahmed\source\repos\Tales of pirate\Tales of pirate\Tales of pirate.cpp(3119,34): warning C4309: '=': truncation of constant value
C:\Users\Ahmed\source\repos\Tales of pirate\Tales of pirate\Tales of pirate.cpp(3121,34): warning C4305: '=': truncation from 'int' to 'char'
C:\Users\Ahmed\source\repos\Tales of pirate\Tales of pirate\Tales of pirate.cpp(3121,34): warning C4309: '=': truncation of constant value
C:\Users\Ahmed\source\repos\Tales of pirate\Tales of pirate\Tales of pirate.cpp(3125,35): warning C4305: '=': truncation from 'int' to 'char'
C:\Users\Ahmed\source\repos\Tales of pirate\Tales of pirate\Tales of pirate.cpp(3125,35): warning C4309: '=': truncation of constant value
C:\Users\Ahmed\source\repos\Tales of pirate\Tales of pirate\Tales of pirate.cpp(3128,35): warning C4305: '=': truncation from 'int' to 'char'
C:\Users\Ahmed\source\repos\Tales of pirate\Tales of pirate\Tales of pirate.cpp(3128,35): warning C4309: '=': truncation of constant value
C:\Users\Ahmed\source\repos\Tales of pirate\Tales of pirate\Tales of pirate.cpp(3131,35): warning C4305: '=': truncation from 'int' to 'char'
C:\Users\Ahmed\source\repos\Tales of pirate\Tales of pirate\Tales of pirate.cpp(3131,35): warning C4309: '=': truncation of constant value
C:\Users\Ahmed\source\repos\Tales of pirate\Tales of pirate\Tales of pirate.cpp(3134,35): warning C4305: '=': truncation from 'int' to 'char'
C:\Users\Ahmed\source\repos\Tales of pirate\Tales of pirate\Tales of pirate.cpp(3134,35): warning C4309: '=': truncation of constant value
C:\Users\Ahmed\source\repos\Tales of pirate\Tales of pirate\Tales of pirate.cpp(3163,34): warning C4305: '=': truncation from 'int' to 'char'
C:\Users\Ahmed\source\repos\Tales of pirate\Tales of pirate\Tales of pirate.cpp(3163,34): warning C4309: '=': truncation of constant value
C:\Users\Ahmed\source\repos\Tales of pirate\Tales of pirate\Tales of pirate.cpp(3185,34): warning C4305: '=': truncation from 'int' to 'char'
C:\Users\Ahmed\source\repos\Tales of pirate\Tales of pirate\Tales of pirate.cpp(3185,34): warning C4309: '=': truncation of constant value
C:\Users\Ahmed\source\repos\Tales of pirate\Tales of pirate\Tales of pirate.cpp(3187,34): warning C4305: '=': truncation from 'int' to 'char'
C:\Users\Ahmed\source\repos\Tales of pirate\Tales of pirate\Tales of pirate.cpp(3187,34): warning C4309: '=': truncation of constant value
C:\Users\Ahmed\source\repos\Tales of pirate\Tales of pirate\Tales of pirate.cpp(3195,34): warning C4305: '=': truncation from 'int' to 'char'
C:\Users\Ahmed\source\repos\Tales of pirate\Tales of pirate\Tales of pirate.cpp(3195,34): warning C4309: '=': truncation of constant value
C:\Users\Ahmed\source\repos\Tales of pirate\Tales of pirate\Tales of pirate.cpp(3197,35): warning C4305: '=': truncation from 'int' to 'char'
C:\Users\Ahmed\source\repos\Tales of pirate\Tales of pirate\Tales of pirate.cpp(3197,35): warning C4309: '=': truncation of constant value
C:\Users\Ahmed\source\repos\Tales of pirate\Tales of pirate\Tales of pirate.cpp(3222,35): warning C4309: '=': truncation of constant value
C:\Users\Ahmed\source\repos\Tales of pirate\Tales of pirate\Tales of pirate.cpp(3556,26): warning C4309: '=': truncation of constant value
C:\Users\Ahmed\source\repos\Tales of pirate\Tales of pirate\Tales of pirate.cpp(3558,26): warning C4305: '=': truncation from 'int' to 'char'
C:\Users\Ahmed\source\repos\Tales of pirate\Tales of pirate\Tales of pirate.cpp(3558,26): warning C4309: '=': truncation of constant value
C:\Users\Ahmed\source\repos\Tales of pirate\Tales of pirate\Tales of pirate.cpp(3651,26): warning C4305: '=': truncation from 'int' to 'char'
C:\Users\Ahmed\source\repos\Tales of pirate\Tales of pirate\Tales of pirate.cpp(3651,26): warning C4309: '=': truncation of constant value
C:\Users\Ahmed\source\repos\Tales of pirate\Tales of pirate\Tales of pirate.cpp(3653,26): warning C4309: '=': truncation of constant value
C:\Users\Ahmed\source\repos\Tales of pirate\Tales of pirate\Tales of pirate.cpp(3679,27): warning C4305: '=': truncation from 'int' to 'char'
C:\Users\Ahmed\source\repos\Tales of pirate\Tales of pirate\Tales of pirate.cpp(3679,27): warning C4309: '=': truncation of constant value
C:\Users\Ahmed\source\repos\Tales of pirate\Tales of pirate\Tales of pirate.cpp(3697,26): warning C4305: '=': truncation from 'int' to 'char'
C:\Users\Ahmed\source\repos\Tales of pirate\Tales of pirate\Tales of pirate.cpp(3697,26): warning C4309: '=': truncation of constant value
C:\Users\Ahmed\source\repos\Tales of pirate\Tales of pirate\Tales of pirate.cpp(3699,27): warning C4305: '=': truncation from 'int' to 'char'
C:\Users\Ahmed\source\repos\Tales of pirate\Tales of pirate\Tales of pirate.cpp(3699,27): warning C4309: '=': truncation of constant value
C:\Users\Ahmed\source\repos\Tales of pirate\Tales of pirate\Tales of pirate.cpp(3760,21): warning C4309: '=': truncation of constant value
C:\Users\Ahmed\source\repos\Tales of pirate\Tales of pirate\Tales of pirate.cpp(4075,28): warning C4309: '=': truncation of constant value
C:\Users\Ahmed\source\repos\Tales of pirate\Tales of pirate\Tales of pirate.cpp(5035,1): warning C4326: return type of 'main' should be 'int' instead of 'void'
C:\Users\Ahmed\source\repos\Tales of pirate\Tales of pirate\Tales of pirate.cpp(5330,11): error C4996: 'kbhit': The POSIX name for this item is deprecated. Instead, use the ISO C and C++ conformant name: _kbhit. See online help for details.
C:\Users\Ahmed\source\repos\Tales of pirate\Tales of pirate\Tales of pirate.cpp(6291,7): error C4996: 'getch': The POSIX name for this item is deprecated. Instead, use the ISO C and C++ conformant name: _getch. See online help for details.
